\BOOKMARK [1][-]{section.1}{Introduction}{}% 1
\BOOKMARK [1][-]{section.2}{Review of Prior Work}{}% 2
\BOOKMARK [2][-]{subsection.5}{Comparison Data}{section.2}% 3
\BOOKMARK [2][-]{subsection.6}{Fellegi-Sunter Model}{section.2}% 4
\BOOKMARK [2][-]{subsection.10}{Beta Record Linkage Model}{section.2}% 5
\BOOKMARK [2][-]{subsection.12}{Blocking}{section.2}% 6
\BOOKMARK [1][-]{section.13}{Fast Beta Linkage}{}% 7
\BOOKMARK [2][-]{subsection.14}{Model Specification}{section.13}% 8
\BOOKMARK [2][-]{subsection.15}{Gibbs Sampler}{section.13}% 9
\BOOKMARK [2][-]{subsection.16}{Bayes Estimate}{section.13}% 10
\BOOKMARK [1][-]{section.17}{Efficient and Scalable Implementation}{}% 11
\BOOKMARK [2][-]{subsection.18}{Data Representation, Hashing, and Storage}{section.17}% 12
\BOOKMARK [2][-]{subsection.19}{Working with Large Data}{section.17}% 13
\BOOKMARK [2][-]{subsection.20}{Efficient Posterior Inference }{section.17}% 14
\BOOKMARK [2][-]{subsection.21}{Computational Complexity}{section.17}% 15
\BOOKMARK [1][-]{section.22}{Simulation Studies}{}% 16
\BOOKMARK [2][-]{subsection.25}{Precision, Recall, and F-measure}{section.22}% 17
\BOOKMARK [2][-]{subsection.28}{Accuracy under Partial Estimates}{section.22}% 18
\BOOKMARK [2][-]{subsection.31}{Speed}{section.22}% 19
\BOOKMARK [2][-]{subsection.38}{Scaling to a Larger Simulation Study}{section.22}% 20
\BOOKMARK [1][-]{section.39}{Application to Civilian Casualties from the El Salvadoran Civil War}{}% 21
\BOOKMARK [2][-]{subsection.40}{El Salvadoran Civil War}{section.39}% 22
\BOOKMARK [1][-]{section.54}{Discussion}{}% 23
\BOOKMARK [1][-]{section.55}{Appendix}{}% 24
\BOOKMARK [2][-]{subsection.56}{Summary of Fast Beta Linkage Method}{section.55}% 25
\BOOKMARK [2][-]{subsection.57}{Traceplots for Simulation Study}{section.55}% 26
\BOOKMARK [2][-]{subsection.64}{Traceplots for El Salvador Case Study}{section.55}% 27
