This is pdfTeX, Version 3.14159265-2.6-1.40.21 (TeX Live 2020) (preloaded format=pdflatex 2020.4.7)  7 JUN 2021 12:50
entering extended mode
 restricted \write18 enabled.
 file:line:error style messages enabled.
 %&-line parsing enabled.
**aoas_revision_2017_09_18_FINAL_rcs_ANSHU_FINAL.tex
(./aoas_revision_2017_09_18_FINAL_rcs_ANSHU_FINAL.tex
LaTeX2e <2020-02-02> patch level 5
L3 programming layer <2020-03-06> (./imsart.cls
Document Class: imsart 2010/04/27 driver class for package imsart.sty
(/usr/local/texlive/2020/texmf-dist/tex/latex/base/article.cls
Document Class: article 2019/12/20 v1.4l Standard LaTeX document class
(/usr/local/texlive/2020/texmf-dist/tex/latex/base/leqno.clo
File: leqno.clo 2016/12/29 v1.2b Standard LaTeX option (left equation numbers)
)
(/usr/local/texlive/2020/texmf-dist/tex/latex/base/size11.clo
File: size11.clo 2019/12/20 v1.4l Standard LaTeX file (size option)
)
\c@part=\count167
\c@section=\count168
\c@subsection=\count169
\c@subsubsection=\count170
\c@paragraph=\count171
\c@subparagraph=\count172
\c@figure=\count173
\c@table=\count174
\abovecaptionskip=\skip47
\belowcaptionskip=\skip48
\bibindent=\dimen134
) (./imsart.sty
File: imsart.sty 2013/03/06IMS article style (VS)

No file imsart.cnf.
(/usr/local/texlive/2020/texmf-dist/tex/latex/base/leqno.clo
File: leqno.clo 2016/12/29 v1.2b Standard LaTeX option (left equation numbers)
)
\c@firstpage=\count175
\c@lastpage=\count176
\c@thanks=\count177
\c@addressref=\count178

(/usr/local/texlive/2020/texmf-dist/tex/latex/graphics/keyval.sty
Package: keyval 2014/10/28 v1.15 key=value parser (DPC)
\KV@toks@=\toks15
)
\c@emailref=\count179
\c@author=\count180
\c@address=\count181
\sv@mathsurround=\dimen135
\sv@parindent=\dimen136
\fm@box=\box45
\fm@size=\dimen137
\t@xtheight=\dimen138
\abstract@box=\box46
\keyword@box=\box47
\pre@kwd@depth=\dimen139
\keyword@toks=\toks16
\authors@list=\toks17
\keywords@list=\toks18

No file imsart-aoas.cnf.
)) (/usr/local/texlive/2020/texmf-dist/tex/latex/natbib/natbib.sty
Package: natbib 2010/09/13 8.31b (PWD, AO)
\bibhang=\skip49
\bibsep=\skip50
LaTeX Info: Redefining \cite on input line 694.
\c@NAT@ctr=\count182
)
(/usr/local/texlive/2020/texmf-dist/tex/latex/comment/comment.sty
\CommentStream=\write3

Excluding comment 'comment')
(/usr/local/texlive/2020/texmf-dist/tex/latex/amsmath/amsmath.sty
Package: amsmath 2020/01/20 v2.17e AMS math features
\@mathmargin=\skip51

For additional information on amsmath, use the `?' option.
(/usr/local/texlive/2020/texmf-dist/tex/latex/amsmath/amstext.sty
Package: amstext 2000/06/29 v2.01 AMS text

(/usr/local/texlive/2020/texmf-dist/tex/latex/amsmath/amsgen.sty
File: amsgen.sty 1999/11/30 v2.0 generic functions
\@emptytoks=\toks19
\ex@=\dimen140
))
(/usr/local/texlive/2020/texmf-dist/tex/latex/amsmath/amsbsy.sty
Package: amsbsy 1999/11/29 v1.2d Bold Symbols
\pmbraise@=\dimen141
)
(/usr/local/texlive/2020/texmf-dist/tex/latex/amsmath/amsopn.sty
Package: amsopn 2016/03/08 v2.02 operator names
)
\inf@bad=\count183
LaTeX Info: Redefining \frac on input line 227.
\uproot@=\count184
\leftroot@=\count185
LaTeX Info: Redefining \overline on input line 389.
\classnum@=\count186
\DOTSCASE@=\count187
LaTeX Info: Redefining \ldots on input line 486.
LaTeX Info: Redefining \dots on input line 489.
LaTeX Info: Redefining \cdots on input line 610.
\Mathstrutbox@=\box48
\strutbox@=\box49
\big@size=\dimen142
LaTeX Font Info:    Redeclaring font encoding OML on input line 733.
LaTeX Font Info:    Redeclaring font encoding OMS on input line 734.
\macc@depth=\count188
\c@MaxMatrixCols=\count189
\dotsspace@=\muskip16
\c@parentequation=\count190
\dspbrk@lvl=\count191
\tag@help=\toks20
\row@=\count192
\column@=\count193
\maxfields@=\count194
\andhelp@=\toks21
\eqnshift@=\dimen143
\alignsep@=\dimen144
\tagshift@=\dimen145
\tagwidth@=\dimen146
\totwidth@=\dimen147
\lineht@=\dimen148
\@envbody=\toks22
\multlinegap=\skip52
\multlinetaggap=\skip53
\mathdisplay@stack=\toks23
LaTeX Info: Redefining \[ on input line 2859.
LaTeX Info: Redefining \] on input line 2860.
)
(/usr/local/texlive/2020/texmf-dist/tex/latex/tools/bm.sty
Package: bm 2019/07/24 v1.2d Bold Symbol Support (DPC/FMi)
\symboldoperators=\mathgroup4
\symboldletters=\mathgroup5
\symboldsymbols=\mathgroup6
LaTeX Font Info:    Redeclaring math alphabet \mathbf on input line 141.
LaTeX Info: Redefining \bm on input line 209.
)
(/usr/local/texlive/2020/texmf-dist/tex/latex/amsfonts/amsfonts.sty
Package: amsfonts 2013/01/14 v3.01 Basic AMSFonts support
\symAMSa=\mathgroup7
\symAMSb=\mathgroup8
LaTeX Font Info:    Redeclaring math symbol \hbar on input line 98.
LaTeX Font Info:    Overwriting math alphabet `\mathfrak' in version `bold'
(Font)                  U/euf/m/n --> U/euf/b/n on input line 106.
)
(/usr/local/texlive/2020/texmf-dist/tex/latex/graphics/color.sty
Package: color 2019/11/23 v1.2a Standard LaTeX Color (DPC)

(/usr/local/texlive/2020/texmf-dist/tex/latex/graphics-cfg/color.cfg
File: color.cfg 2016/01/02 v1.6 sample color configuration
)
Package color Info: Driver file: pdftex.def on input line 147.

(/usr/local/texlive/2020/texmf-dist/tex/latex/graphics-def/pdftex.def
File: pdftex.def 2018/01/08 v1.0l Graphics/color driver for pdftex
))
(/usr/local/texlive/2020/texmf-dist/tex/latex/amscls/amsthm.sty
Package: amsthm 2017/10/31 v2.20.4
\thm@style=\toks24
\thm@bodyfont=\toks25
\thm@headfont=\toks26
\thm@notefont=\toks27
\thm@headpunct=\toks28
\thm@preskip=\skip54
\thm@postskip=\skip55
\thm@headsep=\skip56
\dth@everypar=\toks29
)
(/usr/local/texlive/2020/texmf-dist/tex/latex/graphics/graphicx.sty
Package: graphicx 2019/11/30 v1.2a Enhanced LaTeX Graphics (DPC,SPQR)

(/usr/local/texlive/2020/texmf-dist/tex/latex/graphics/graphics.sty
Package: graphics 2019/11/30 v1.4a Standard LaTeX Graphics (DPC,SPQR)

(/usr/local/texlive/2020/texmf-dist/tex/latex/graphics/trig.sty
Package: trig 2016/01/03 v1.10 sin cos tan (DPC)
)
(/usr/local/texlive/2020/texmf-dist/tex/latex/graphics-cfg/graphics.cfg
File: graphics.cfg 2016/06/04 v1.11 sample graphics configuration
)
Package graphics Info: Driver file: pdftex.def on input line 105.
)
\Gin@req@height=\dimen149
\Gin@req@width=\dimen150
)
(/usr/local/texlive/2020/texmf-dist/tex/latex/epstopdf-pkg/epstopdf.sty
Package: epstopdf 2020-01-24 v2.11 Conversion with epstopdf on the fly (HO)

(/usr/local/texlive/2020/texmf-dist/tex/generic/infwarerr/infwarerr.sty
Package: infwarerr 2019/12/03 v1.5 Providing info/warning/error messages (HO)
)
(/usr/local/texlive/2020/texmf-dist/tex/latex/grfext/grfext.sty
Package: grfext 2019/12/03 v1.3 Manage graphics extensions (HO)

(/usr/local/texlive/2020/texmf-dist/tex/generic/kvdefinekeys/kvdefinekeys.sty
Package: kvdefinekeys 2019-12-19 v1.6 Define keys (HO)
)) (/usr/local/texlive/2020/texmf-dist/tex/latex/kvoptions/kvoptions.sty
Package: kvoptions 2019/11/29 v3.13 Key value format for package options (HO)

(/usr/local/texlive/2020/texmf-dist/tex/generic/ltxcmds/ltxcmds.sty
Package: ltxcmds 2019/12/15 v1.24 LaTeX kernel commands for general use (HO)
)
(/usr/local/texlive/2020/texmf-dist/tex/generic/kvsetkeys/kvsetkeys.sty
Package: kvsetkeys 2019/12/15 v1.18 Key value parser (HO)
))
(/usr/local/texlive/2020/texmf-dist/tex/latex/pdftexcmds/pdftexcmds.sty
Package: pdftexcmds 2019/11/24 v0.31 Utility functions of pdfTeX for LuaTeX (HO
)

(/usr/local/texlive/2020/texmf-dist/tex/generic/iftex/iftex.sty
Package: iftex 2020/03/06 v1.0d TeX engine tests
)
Package pdftexcmds Info: \pdf@primitive is available.
Package pdftexcmds Info: \pdf@ifprimitive is available.
Package pdftexcmds Info: \pdfdraftmode found.
)
(/usr/local/texlive/2020/texmf-dist/tex/latex/epstopdf-pkg/epstopdf-base.sty
Package: epstopdf-base 2020-01-24 v2.11 Base part for package epstopdf
Package epstopdf-base Info: Redefining graphics rule for `.eps' on input line 4
85.
Package grfext Info: Graphics extension search list:
(grfext)             [.pdf,.png,.jpg,.mps,.jpeg,.jbig2,.jb2,.PDF,.PNG,.JPG,.JPE
G,.JBIG2,.JB2,.eps]
(grfext)             \AppendGraphicsExtensions on input line 504.

(/usr/local/texlive/2020/texmf-dist/tex/latex/latexconfig/epstopdf-sys.cfg
File: epstopdf-sys.cfg 2010/07/13 v1.3 Configuration of (r)epstopdf for TeX Liv
e
)))
(/usr/local/texlive/2020/texmf-dist/tex/latex/caption/caption.sty
Package: caption 2020/01/03 v3.4h Customizing captions (AR)

(/usr/local/texlive/2020/texmf-dist/tex/latex/caption/caption3.sty
Package: caption3 2020/01/03 v1.8h caption3 kernel (AR)
Package caption3 Info: TeX engine: e-TeX on input line 61.
\captionmargin=\dimen151
\captionmargin@=\dimen152
\captionwidth=\dimen153
\caption@tempdima=\dimen154
\caption@indent=\dimen155
\caption@parindent=\dimen156
\caption@hangindent=\dimen157
Package caption Info: Unknown document class (or package),
(caption)             standard defaults will be used.
Package caption Info: \@makecaption = \long macro:#1#2->\vskip \abovecaptionski
p \figurecaption@size \sbox \@tempboxa {{\figurename@size #1}\figurename@skip #
2}\ifdim \wd \@tempboxa >\hsize {\figurename@size #1}\figurename@skip #2\par \e
lse \global \@minipagefalse \hb@xt@ \hsize {\hfil \box \@tempboxa \hfil }\fi \v
skip \belowcaptionskip  on input line 1082.
)

Package caption Warning: Unknown document class (or package),
(caption)                standard defaults will be used.
See the caption package documentation for explanation.

\c@caption@flags=\count195
\c@continuedfloat=\count196
) (/usr/local/texlive/2020/texmf-dist/tex/latex/caption/subcaption.sty
Package: subcaption 2020/01/22 v1.3d Sub-captions (AR)
\c@subfigure=\count197
\c@subtable=\count198
)
(/usr/local/texlive/2020/texmf-dist/tex/latex/float/float.sty
Package: float 2001/11/08 v1.3d Float enhancements (AL)
\c@float@type=\count199
\float@exts=\toks30
\float@box=\box50
\@float@everytoks=\toks31
\@floatcapt=\box51
)
\@float@every@table=\toks32

(/usr/local/texlive/2020/texmf-dist/tex/latex/lineno/lineno.sty
Package: lineno 2005/11/02 line numbers on paragraphs v4.41
\linenopenalty=\count266
\output=\toks33
\linenoprevgraf=\count267
\linenumbersep=\dimen158
\linenumberwidth=\dimen159
\c@linenumber=\count268
\c@pagewiselinenumber=\count269
\c@LN@truepage=\count270
\c@internallinenumber=\count271
\c@internallinenumbers=\count272
\quotelinenumbersep=\dimen160
\bframerule=\dimen161
\bframesep=\dimen162
\bframebox=\box52
LaTeX Info: Redefining \\ on input line 3056.
)
(./symbols_journal.tex)
(/usr/local/texlive/2020/texmf-dist/tex/latex/booktabs/booktabs.sty
Package: booktabs 2020/01/12 v1.61803398 Publication quality tables
\heavyrulewidth=\dimen163
\lightrulewidth=\dimen164
\cmidrulewidth=\dimen165
\belowrulesep=\dimen166
\belowbottomsep=\dimen167
\aboverulesep=\dimen168
\abovetopsep=\dimen169
\cmidrulesep=\dimen170
\cmidrulekern=\dimen171
\defaultaddspace=\dimen172
\@cmidla=\count273
\@cmidlb=\count274
\@aboverulesep=\dimen173
\@belowrulesep=\dimen174
\@thisruleclass=\count275
\@lastruleclass=\count276
\@thisrulewidth=\dimen175
)
\c@itemnum=\count277
\c@lemma=\count278
\c@theorem=\count279
\c@definition=\count280

(/usr/local/texlive/2020/texmf-dist/tex/latex/mathtools/mathtools.sty
Package: mathtools 2020/03/24 v1.24 mathematical typesetting tools

(/usr/local/texlive/2020/texmf-dist/tex/latex/tools/calc.sty
Package: calc 2017/05/25 v4.3 Infix arithmetic (KKT,FJ)
\calc@Acount=\count281
\calc@Bcount=\count282
\calc@Adimen=\dimen176
\calc@Bdimen=\dimen177
\calc@Askip=\skip57
\calc@Bskip=\skip58
LaTeX Info: Redefining \setlength on input line 80.
LaTeX Info: Redefining \addtolength on input line 81.
\calc@Ccount=\count283
\calc@Cskip=\skip59
)
(/usr/local/texlive/2020/texmf-dist/tex/latex/mathtools/mhsetup.sty
Package: mhsetup 2017/03/31 v1.3 programming setup (MH)
)
LaTeX Info: Thecontrolsequence`\('isalreadyrobust on input line 130.
LaTeX Info: Thecontrolsequence`\)'isalreadyrobust on input line 130.
LaTeX Info: Thecontrolsequence`\['isalreadyrobust on input line 130.
LaTeX Info: Thecontrolsequence`\]'isalreadyrobust on input line 130.
\g_MT_multlinerow_int=\count284
\l_MT_multwidth_dim=\dimen178
\origjot=\skip60
\l_MT_shortvdotswithinadjustabove_dim=\dimen179
\l_MT_shortvdotswithinadjustbelow_dim=\dimen180
\l_MT_above_intertext_sep=\dimen181
\l_MT_below_intertext_sep=\dimen182
\l_MT_above_shortintertext_sep=\dimen183
\l_MT_below_shortintertext_sep=\dimen184
\xmathstrut@box=\box53
\xmathstrut@dim=\dimen185
)
(/usr/local/texlive/2020/texmf-dist/tex/latex/algorithms/algorithm.sty
Package: algorithm 2009/08/24 v0.1 Document Style `algorithm' - floating enviro
nment

(/usr/local/texlive/2020/texmf-dist/tex/latex/base/ifthen.sty
Package: ifthen 2014/09/29 v1.1c Standard LaTeX ifthen package (DPC)
)
\@float@every@algorithm=\toks34
\c@algorithm=\count285
)
(/usr/local/texlive/2020/texmf-dist/tex/latex/algorithms/algorithmic.sty
Package: algorithmic 2009/08/24 v0.1 Document Style `algorithmic'
\c@ALC@unique=\count286
\c@ALC@line=\count287
\c@ALC@rem=\count288
\c@ALC@depth=\count289
\ALC@tlm=\skip61
\algorithmicindent=\skip62
)
(/usr/local/texlive/2020/texmf-dist/tex/latex/xcolor/xcolor.sty
Package: xcolor 2016/05/11 v2.12 LaTeX color extensions (UK)

(/usr/local/texlive/2020/texmf-dist/tex/latex/graphics-cfg/color.cfg
File: color.cfg 2016/01/02 v1.6 sample color configuration
)
Package xcolor Info: Driver file: pdftex.def on input line 225.

(/usr/local/texlive/2020/texmf-dist/tex/latex/colortbl/colortbl.sty
Package: colortbl 2020/01/04 v1.0e Color table columns (DPC)

(/usr/local/texlive/2020/texmf-dist/tex/latex/tools/array.sty
Package: array 2019/08/31 v2.4l Tabular extension package (FMi)
\col@sep=\dimen186
\ar@mcellbox=\box54
\extrarowheight=\dimen187
\NC@list=\toks35
\extratabsurround=\skip63
\backup@length=\skip64
\ar@cellbox=\box55
)
\everycr=\toks36
\minrowclearance=\skip65
)
LaTeX Info: Redefining \color on input line 709.
\rownum=\count290
Package xcolor Info: Model `cmy' substituted by `cmy0' on input line 1348.
Package xcolor Info: Model `hsb' substituted by `rgb' on input line 1352.
Package xcolor Info: Model `RGB' extended on input line 1364.
Package xcolor Info: Model `HTML' substituted by `rgb' on input line 1366.
Package xcolor Info: Model `Hsb' substituted by `hsb' on input line 1367.
Package xcolor Info: Model `tHsb' substituted by `hsb' on input line 1368.
Package xcolor Info: Model `HSB' substituted by `hsb' on input line 1369.
Package xcolor Info: Model `Gray' substituted by `gray' on input line 1370.
Package xcolor Info: Model `wave' substituted by `hsb' on input line 1371.

(/usr/local/texlive/2020/texmf-dist/tex/latex/xcolor/x11nam.def
File: x11nam.def 2016/05/11 v2.12 Predefined colors according to Unix/X11 (UK)
))
(/usr/local/texlive/2020/texmf-dist/tex/latex/hyperref/hyperref.sty
Package: hyperref 2020/01/14 v7.00d Hypertext links for LaTeX

(/usr/local/texlive/2020/texmf-dist/tex/generic/pdfescape/pdfescape.sty
Package: pdfescape 2019/12/09 v1.15 Implements pdfTeX's escape features (HO)
)
(/usr/local/texlive/2020/texmf-dist/tex/latex/hycolor/hycolor.sty
Package: hycolor 2020-01-27 v1.10 Color options for hyperref/bookmark (HO)
)
(/usr/local/texlive/2020/texmf-dist/tex/latex/letltxmacro/letltxmacro.sty
Package: letltxmacro 2019/12/03 v1.6 Let assignment for LaTeX macros (HO)
)
(/usr/local/texlive/2020/texmf-dist/tex/latex/auxhook/auxhook.sty
Package: auxhook 2019-12-17 v1.6 Hooks for auxiliary files (HO)
)
\@linkdim=\dimen188
\Hy@linkcounter=\count291
\Hy@pagecounter=\count292

(/usr/local/texlive/2020/texmf-dist/tex/latex/hyperref/pd1enc.def
File: pd1enc.def 2020/01/14 v7.00d Hyperref: PDFDocEncoding definition (HO)
Now handling font encoding PD1 ...
... no UTF-8 mapping file for font encoding PD1
)
(/usr/local/texlive/2020/texmf-dist/tex/generic/intcalc/intcalc.sty
Package: intcalc 2019/12/15 v1.3 Expandable calculations with integers (HO)
)
(/usr/local/texlive/2020/texmf-dist/tex/generic/etexcmds/etexcmds.sty
Package: etexcmds 2019/12/15 v1.7 Avoid name clashes with e-TeX commands (HO)
)
\Hy@SavedSpaceFactor=\count293
Package hyperref Info: Option `colorlinks' set `true' on input line 4421.


Package hyperref Warning: Option `pagecolor' is not available anymore.

Package hyperref Info: Option `linktocpage' set `true' on input line 4421.
Package hyperref Info: Option `colorlinks' set `true' on input line 4421.
Package hyperref Info: Hyper figures OFF on input line 4547.
Package hyperref Info: Link nesting OFF on input line 4552.
Package hyperref Info: Hyper index ON on input line 4555.
Package hyperref Info: Plain pages OFF on input line 4562.
Package hyperref Info: Backreferencing OFF on input line 4567.
Package hyperref Info: Implicit mode ON; LaTeX internals redefined.
Package hyperref Info: Bookmarks ON on input line 4800.
\c@Hy@tempcnt=\count294
(/usr/local/texlive/2020/texmf-dist/tex/latex/url/url.sty
\Urlmuskip=\muskip17
Package: url 2013/09/16  ver 3.4  Verb mode for urls, etc.
)
LaTeX Info: Redefining \url on input line 5159.
\XeTeXLinkMargin=\dimen189

(/usr/local/texlive/2020/texmf-dist/tex/generic/bitset/bitset.sty
Package: bitset 2019/12/09 v1.3 Handle bit-vector datatype (HO)

(/usr/local/texlive/2020/texmf-dist/tex/generic/bigintcalc/bigintcalc.sty
Package: bigintcalc 2019/12/15 v1.5 Expandable calculations on big integers (HO
)
))
\Fld@menulength=\count295
\Field@Width=\dimen190
\Fld@charsize=\dimen191
Package hyperref Info: Hyper figures OFF on input line 6430.
Package hyperref Info: Link nesting OFF on input line 6435.
Package hyperref Info: Hyper index ON on input line 6438.
Package hyperref Info: backreferencing OFF on input line 6445.
Package hyperref Info: Link coloring ON on input line 6448.
Package hyperref Info: Link coloring with OCG OFF on input line 6455.
Package hyperref Info: PDF/A mode OFF on input line 6460.
LaTeX Info: Redefining \ref on input line 6500.
LaTeX Info: Redefining \pageref on input line 6504.

(/usr/local/texlive/2020/texmf-dist/tex/generic/atbegshi/atbegshi.sty
Package: atbegshi 2019/12/05 v1.19 At begin shipout hook (HO)
)
\Hy@abspage=\count296
\c@Item=\count297
\c@Hfootnote=\count298
)
Package hyperref Info: Driver (autodetected): hpdftex.

(/usr/local/texlive/2020/texmf-dist/tex/latex/hyperref/hpdftex.def
File: hpdftex.def 2020/01/14 v7.00d Hyperref driver for pdfTeX

(/usr/local/texlive/2020/texmf-dist/tex/latex/atveryend/atveryend.sty
Package: atveryend 2019-12-11 v1.11 Hooks at the very end of document (HO)
Package atveryend Info: \old@enddocument detected (standard20110627).
)
\Fld@listcount=\count299
\c@bookmark@seq@number=\count300

(/usr/local/texlive/2020/texmf-dist/tex/latex/rerunfilecheck/rerunfilecheck.sty
Package: rerunfilecheck 2019/12/05 v1.9 Rerun checks for auxiliary files (HO)

(/usr/local/texlive/2020/texmf-dist/tex/generic/uniquecounter/uniquecounter.sty
Package: uniquecounter 2019/12/15 v1.4 Provide unlimited unique counter (HO)
)
Package uniquecounter Info: New unique counter `rerunfilecheck' on input line 2
86.
)
\Hy@SectionHShift=\skip66
)
(/usr/local/texlive/2020/texmf-dist/tex/latex/l3backend/l3backend-pdfmode.def
File: l3backend-pdfmode.def 2020-03-12 L3 backend support: PDF mode
\l__kernel_color_stack_int=\count301
\l__pdf_internal_box=\box56
)
(./aoas_revision_2017_09_18_FINAL_rcs_ANSHU_FINAL.aux

LaTeX Warning: Label `fg1' multiply defined.


LaTeX Warning: Label `lemma' multiply defined.

)
\openout1 = `aoas_revision_2017_09_18_FINAL_rcs_ANSHU_FINAL.aux'.

LaTeX Font Info:    Checking defaults for OML/cmm/m/it on input line 77.
LaTeX Font Info:    ... okay on input line 77.
LaTeX Font Info:    Checking defaults for OMS/cmsy/m/n on input line 77.
LaTeX Font Info:    ... okay on input line 77.
LaTeX Font Info:    Checking defaults for OT1/cmr/m/n on input line 77.
LaTeX Font Info:    ... okay on input line 77.
LaTeX Font Info:    Checking defaults for T1/cmr/m/n on input line 77.
LaTeX Font Info:    ... okay on input line 77.
LaTeX Font Info:    Checking defaults for TS1/cmr/m/n on input line 77.
LaTeX Font Info:    ... okay on input line 77.
LaTeX Font Info:    Checking defaults for OMX/cmex/m/n on input line 77.
LaTeX Font Info:    ... okay on input line 77.
LaTeX Font Info:    Checking defaults for U/cmr/m/n on input line 77.
LaTeX Font Info:    ... okay on input line 77.
LaTeX Font Info:    Checking defaults for PD1/pdf/m/n on input line 77.
LaTeX Font Info:    ... okay on input line 77.
 (/usr/local/texlive/2020/texmf-dist/tex/context/base/mkii/supp-pdf.mkii
[Loading MPS to PDF converter (version 2006.09.02).]
\scratchcounter=\count302
\scratchdimen=\dimen192
\scratchbox=\box57
\nofMPsegments=\count303
\nofMParguments=\count304
\everyMPshowfont=\toks37
\MPscratchCnt=\count305
\MPscratchDim=\dimen193
\MPnumerator=\count306
\makeMPintoPDFobject=\count307
\everyMPtoPDFconversion=\toks38
)
Package caption Info: Begin \AtBeginDocument code.
Package caption Info: float package is loaded.
Package caption Info: hyperref package is loaded.
Package caption Info: End \AtBeginDocument code.
\AtBeginShipoutBox=\box58
Package hyperref Info: Link coloring ON on input line 77.
 (/usr/local/texlive/2020/texmf-dist/tex/latex/hyperref/nameref.sty
Package: nameref 2019/09/16 v2.46 Cross-referencing by name of section

(/usr/local/texlive/2020/texmf-dist/tex/latex/refcount/refcount.sty
Package: refcount 2019/12/15 v3.6 Data extraction from label references (HO)
)
(/usr/local/texlive/2020/texmf-dist/tex/generic/gettitlestring/gettitlestring.s
ty
Package: gettitlestring 2019/12/15 v1.6 Cleanup title references (HO)
)
\c@section@level=\count308
)
LaTeX Info: Redefining \ref on input line 77.
LaTeX Info: Redefining \pageref on input line 77.
LaTeX Info: Redefining \nameref on input line 77.
 (./aoas_revision_2017_09_18_FINAL_rcs_ANSHU_FINAL.out)
(./aoas_revision_2017_09_18_FINAL_rcs_ANSHU_FINAL.out)
\@outlinefile=\write4
\openout4 = `aoas_revision_2017_09_18_FINAL_rcs_ANSHU_FINAL.out'.

LaTeX Font Info:    Trying to load font information for U+msa on input line 79.


(/usr/local/texlive/2020/texmf-dist/tex/latex/amsfonts/umsa.fd
File: umsa.fd 2013/01/14 v3.01 AMS symbols A
)
LaTeX Font Info:    Trying to load font information for U+msb on input line 79.


(/usr/local/texlive/2020/texmf-dist/tex/latex/amsfonts/umsb.fd
File: umsb.fd 2013/01/14 v3.01 AMS symbols B
)
\@address@1=\toks39
\@address@2=\toks40

Overfull \vbox (22.59216pt too high) has occurred while \output is active []


[1{/usr/local/texlive/2020/texmf-var/fonts/map/pdftex/updmap/pdftex.map}

]
Overfull \hbox (5.67772pt too wide) in paragraph at lines 124--125
[]\OT1/cmr/m/n/10.95 The es-ti-ma-tion cost should be sig-nif-i-cantly less tha
n quadratic ($\OML/cmm/m/it/10.95 O\OT1/cmr/m/n/10.95 (\OML/cmm/m/it/10.95 M[]\
OT1/cmr/m/n/10.95 )$).
 []


Overfull \hbox (126.66934pt too wide) has occurred while \output is active
 []
 []

[2]
Overfull \hbox (126.66934pt too wide) has occurred while \output is active
 []
 []

[3]
Overfull \hbox (1.45268pt too wide) in paragraph at lines 144--145
 \OT1/cmr/m/n/10.95 1.2.\OT1/cmr/m/it/10.95 The Syr-ian Con-flict.[][] \OT1/cmr
/m/n/10.95 Thanks to Hu-man Rights Data Anal-y-sis Group
 []


Overfull \hbox (126.66934pt too wide) has occurred while \output is active
 []
 []

[4]
Overfull \hbox (126.66934pt too wide) has occurred while \output is active
 []
 []

[5]
Overfull \hbox (126.66934pt too wide) has occurred while \output is active
 []
 []

[6]
Overfull \hbox (7.95235pt too wide) in paragraph at lines 180--181
 \OT1/cmr/m/n/10.95 2.2.\OT1/cmr/m/it/10.95 Locality Sen-si-tive Hash-ing.[][] 
\OT1/cmr/m/n/10.95 LSH---a two-decade old prob-a-bilis-tic tech-
 []


Overfull \hbox (126.66934pt too wide) has occurred while \output is active
 []
 []

[7]
Overfull \hbox (126.66934pt too wide) has occurred while \output is active
 []
 []

[8]
Overfull \hbox (18.06964pt too wide) detected at line 245
[]
 []

<fig/map.pdf, id=321, 512.91624pt x 225.84375pt>
File: fig/map.pdf Graphic file (type pdf)
<use fig/map.pdf>
Package pdftex.def Info: fig/map.pdf  used on input line 260.
(pdftex.def)             Requested size: 360.0pt x 158.5134pt.

Overfull \hbox (126.66934pt too wide) has occurred while \output is active
 []
 []

[9]
Overfull \hbox (126.66934pt too wide) has occurred while \output is active
 []
 []

[10 <./fig/map.pdf>]
<fig/p.pdf, id=347, 840.13875pt x 351.3125pt>
File: fig/p.pdf Graphic file (type pdf)
<use fig/p.pdf>
Package pdftex.def Info: fig/p.pdf  used on input line 295.
(pdftex.def)             Requested size: 360.0pt x 150.53609pt.

Overfull \hbox (126.66934pt too wide) has occurred while \output is active
 []
 []

[11]
Overfull \hbox (126.66934pt too wide) has occurred while \output is active
 []
 []

[12 <./fig/p.pdf>]
Overfull \hbox (12.0203pt too wide) in paragraph at lines 358--359
 \OT1/cmr/m/n/10.95 3.6.\OT1/cmr/m/it/10.95 The Miss-ing In-gre-di-ent: (K,L)-L
SH Al-go-rithm.[][] \OT1/cmr/m/n/10.95 Our pro-posed method-
 []


Overfull \hbox (126.66934pt too wide) has occurred while \output is active
 []
 []

[13]
Overfull \hbox (126.66934pt too wide) has occurred while \output is active
 []
 []

[14]

Package natbib Warning: Citation `andoni20052' on page 15 undefined on input li
ne 376.


Overfull \hbox (126.66934pt too wide) has occurred while \output is active
 []
 []

[15]
Overfull \hbox (4.91693pt too wide) in paragraph at lines 389--390
 \OT1/cmr/m/n/10.95 3.6.2.\OT1/cmr/m/it/10.95 Computational Com-plex-ity.[][] \
OT1/cmr/m/n/10.95 The com-pu-ta-tional com-pex-ity for sam-
 []


Package hyperref Warning: Token not allowed in a PDF string (PDFDocEncoding):
(hyperref)                removing `math shift' on input line 395.


Package hyperref Warning: Token not allowed in a PDF string (PDFDocEncoding):
(hyperref)                removing `math shift' on input line 395.


Overfull \hbox (14.28313pt too wide) in paragraph at lines 395--399
\OT1/cmr/m/n/10.95 can ef-fi-ciently sam-ple record pairs $\OML/cmm/m/it/10.95 
R[];  R[]$ \OT1/cmr/m/n/10.95 with prob-a-bil-ity $1 \OMS/cmsy/m/n/10.95 ^^@ \O
T1/cmr/m/n/10.95 (1 \OMS/cmsy/m/n/10.95 ^^@ \OML/cmm/m/it/10.95 J\OT1/cmr/m/n/1
0.95 (\OML/cmm/m/it/10.95 R[];  R[]\OT1/cmr/m/n/10.95 )[])[]\OML/cmm/m/it/10.95
 :$
 []


Overfull \hbox (126.66934pt too wide) has occurred while \output is active
 []
 []

[16]
Overfull \hbox (6.88239pt too wide) in paragraph at lines 410--411
 \OT1/cmr/m/n/10.95 3.6.4.\OT1/cmr/m/it/10.95 Why LSH?.[][] \OT1/cmr/m/n/10.95 
Al-though there are sev-eral rule-based block-ing method-
 []


Overfull \hbox (126.66934pt too wide) has occurred while \output is active
 []
 []

[17]
Overfull \hbox (2.015pt too wide) in paragraph at lines 423--424
[]\OT1/cmr/bx/n/10.95 Adaptively Sam-ple Record Pairs ($\OML/cmm/m/it/10.95 O\O
T1/cmr/m/n/10.95 (\OML/cmm/m/it/10.95 ML\OT1/cmr/m/n/10.95 )$\OT1/cmr/bx/n/10.9
5 ): \OT1/cmr/m/n/10.95 We re-gard each record
 []


Overfull \hbox (126.66934pt too wide) has occurred while \output is active
 []
 []

[18]
Package hyperref Info: bookmark level for unknown algorithm defaults to 0 on in
put line 438.

Overfull \hbox (3.48154pt too wide) in paragraph at lines 460--461
 \OT1/cmr/bx/n/10.95 4.Experiments.[][] \OT1/cmr/m/n/10.95 We eval-u-ate the ef
-fec-tive-ness of our pro-posed method-
 []


Underfull \hbox (badness 10000) in paragraph at lines 465--465
[]$[]$[][]\OT1/cmr/m/n/9 Originally pro-vided by Sheila Te-jada, down-loaded fr
om
 []


Overfull \hbox (4.57672pt too wide) in paragraph at lines 465--466
[]\OT1/cmr/bx/n/10.95 Restaurant\OT1/cmr/m/n/10.95 : The \OT1/cmr/bx/n/10.95 Re
stau-rant \OT1/cmr/m/n/10.95 data set con-tains 864 restau-rant records
 []


Overfull \hbox (126.66934pt too wide) has occurred while \output is active
 []
 []

[19pdfTeX warning (ext4): destination with the same identifier (name{figure.cap
tion.3}) has been already used, duplicate ignored

\AtBegShi@Output ...ipout \box \AtBeginShipoutBox 
                                                  \fi \fi 
l.466 
      ]

Package natbib Warning: Citation `christen16' on page 20 undefined on input lin
e 469.


Overfull \hbox (55.41074pt too wide) in paragraph at lines 479--494
 [][] 
 []


LaTeX Warning: File `fig/arabic.pdf' not found on input line 504.


./aoas_revision_2017_09_18_FINAL_rcs_ANSHU_FINAL.tex:504: Package pdftex.def Er
ror: File `fig/arabic.pdf' not found: using draft setting.

See the pdftex.def package documentation for explanation.
Type  H <return>  for immediate help.
 ...                                              
                                                  
l.504 }
       
? r
OK, entering \nonstopmode...

Overfull \hbox (6.16663pt too wide) in paragraph at lines 504--505
 [][] 
 []


Overfull \hbox (126.66934pt too wide) has occurred while \output is active
 []
 []

[20]
Overfull \vbox (12.49942pt too high) has occurred while \output is active []


Overfull \hbox (126.66934pt too wide) has occurred while \output is active
 []
 []

[21]
Overfull \hbox (126.66934pt too wide) has occurred while \output is active
 []
 []

[22]
Package epstopdf Info: Source file: <fig/restaurant.eps>
(epstopdf)                    date: 2017-09-18 22:29:45
(epstopdf)                    size: 19339 bytes
(epstopdf)             Output file: <fig/restaurant-eps-converted-to.pdf>
(epstopdf)                    date: 2017-09-18 22:30:52
(epstopdf)                    size: 9648 bytes
(epstopdf)             Command: <repstopdf --outfile=fig/restaurant-eps-convert
ed-to.pdf fig/restaurant.eps>
(epstopdf)             \includegraphics on input line 541.
Package epstopdf Info: Output file is already uptodate.
<fig/restaurant-eps-converted-to.pdf, id=541, 562.1pt x 421.575pt>
File: fig/restaurant-eps-converted-to.pdf Graphic file (type pdf)
<use fig/restaurant-eps-converted-to.pdf>
Package pdftex.def Info: fig/restaurant-eps-converted-to.pdf  used on input lin
e 541.
(pdftex.def)             Requested size: 129.60022pt x 97.19821pt.
Package epstopdf Info: Source file: <fig/cd.eps>
(epstopdf)                    date: 2017-09-18 14:14:28
(epstopdf)                    size: 20540 bytes
(epstopdf)             Output file: <fig/cd-eps-converted-to.pdf>
(epstopdf)                    date: 2017-09-18 14:16:42
(epstopdf)                    size: 9394 bytes
(epstopdf)             Command: <repstopdf --outfile=fig/cd-eps-converted-to.pd
f fig/cd.eps>
(epstopdf)             \includegraphics on input line 541.
Package epstopdf Info: Output file is already uptodate.
<fig/cd-eps-converted-to.pdf, id=542, 562.1pt x 421.575pt>
File: fig/cd-eps-converted-to.pdf Graphic file (type pdf)
<use fig/cd-eps-converted-to.pdf>
Package pdftex.def Info: fig/cd-eps-converted-to.pdf  used on input line 541.
(pdftex.def)             Requested size: 129.60022pt x 97.19821pt.
Package epstopdf Info: Source file: <fig/voter.eps>
(epstopdf)                    date: 2017-09-18 14:13:18
(epstopdf)                    size: 20317 bytes
(epstopdf)             Output file: <fig/voter-eps-converted-to.pdf>
(epstopdf)                    date: 2017-09-18 14:16:56
(epstopdf)                    size: 9675 bytes
(epstopdf)             Command: <repstopdf --outfile=fig/voter-eps-converted-to
.pdf fig/voter.eps>
(epstopdf)             \includegraphics on input line 541.
Package epstopdf Info: Output file is already uptodate.
<fig/voter-eps-converted-to.pdf, id=543, 562.1pt x 421.575pt>
File: fig/voter-eps-converted-to.pdf Graphic file (type pdf)
<use fig/voter-eps-converted-to.pdf>
Package pdftex.def Info: fig/voter-eps-converted-to.pdf  used on input line 541
.
(pdftex.def)             Requested size: 129.60022pt x 97.19821pt.

Overfull \hbox (9.33496pt too wide) in paragraph at lines 541--542
 [][] 
 []


Overfull \hbox (126.66934pt too wide) has occurred while \output is active
 []
 []

[23]
Overfull \hbox (126.66934pt too wide) has occurred while \output is active
 []
 []

[24 <./fig/restaurant-eps-converted-to.pdf> <./fig/cd-eps-converted-to.pdf> <./
fig/voter-eps-converted-to.pdf>]
Overfull \hbox (10.74397pt too wide) in paragraph at lines 566--585
 [][] 
 []


Overfull \hbox (126.66934pt too wide) has occurred while \output is active
 []
 []

[25]

Package hyperref Warning: Difference (2) between bookmark levels is greater 
(hyperref)                than one, level fixed on input line 613.


Overfull \hbox (126.66934pt too wide) has occurred while \output is active
 []
 []

[26]

Package hyperref Warning: Token not allowed in a PDF string (PDFDocEncoding):
(hyperref)                removing `math shift' on input line 628.


Package hyperref Warning: Token not allowed in a PDF string (PDFDocEncoding):
(hyperref)                removing `math shift' on input line 628.


Package hyperref Warning: Token not allowed in a PDF string (PDFDocEncoding):
(hyperref)                removing `math shift' on input line 628.


Package hyperref Warning: Token not allowed in a PDF string (PDFDocEncoding):
(hyperref)                removing `math shift' on input line 628.


Package hyperref Warning: Token not allowed in a PDF string (PDFDocEncoding):
(hyperref)                removing `math shift' on input line 628.


Package hyperref Warning: Token not allowed in a PDF string (PDFDocEncoding):
(hyperref)                removing `math shift' on input line 628.

<plots/syria_full_recall_rr_allShingles.pdf, id=607, 505.89pt x 505.89pt>
File: plots/syria_full_recall_rr_allShingles.pdf Graphic file (type pdf)
<use plots/syria_full_recall_rr_allShingles.pdf>
Package pdftex.def Info: plots/syria_full_recall_rr_allShingles.pdf  used on in
put line 640.
(pdftex.def)             Requested size: 360.0pt x 360.00264pt.

Overfull \hbox (126.66934pt too wide) has occurred while \output is active
 []
 []

[27]
Overfull \hbox (126.66934pt too wide) has occurred while \output is active
 []
 []

[28 <./plots/syria_full_recall_rr_allShingles.pdf>]
Overfull \hbox (126.66934pt too wide) has occurred while \output is active
 []
 []

[29]
Overfull \hbox (9.57762pt too wide) in paragraph at lines 686--688
 \OT1/cmr/bx/n/10.95 A.1.Syrian Hand-matched Data Set.[][] \OT1/cmr/m/n/10.95 W
e now de-scribe how HRDAG's
 []


Overfull \hbox (126.66934pt too wide) has occurred while \output is active
 []
 []

[30


]
Overfull \hbox (126.66934pt too wide) has occurred while \output is active
 []
 []

[31]
Overfull \hbox (126.66934pt too wide) has occurred while \output is active
 []
 []

[32]
Overfull \hbox (126.66934pt too wide) has occurred while \output is active
 []
 []

[33]
Overfull \hbox (126.66934pt too wide) has occurred while \output is active
 []
 []

[34]
Overfull \hbox (126.66934pt too wide) has occurred while \output is active
 []
 []

[35]
Overfull \hbox (27.40355pt too wide) in paragraph at lines 1094--1097
\OT1/cmr/m/n/10.95 all pos-i-tive and $(\OML/cmm/m/it/10.95 p \OMS/cmsy/m/n/10.
95 ^^@ \OT1/cmr/m/n/10.95 1)$ is the only term that is neg-a-tive, $[] \OML/cmm
/m/it/10.95 <
 []


Overfull \hbox (126.66934pt too wide) has occurred while \output is active
 []
 []

[36] (./aoas_revision_2017_09_18_FINAL_rcs_ANSHU_FINAL.bbl
Overfull \hbox (126.66934pt too wide) has occurred while \output is active
 []
 []

[37

])
Overfull \hbox (68.61104pt too wide) in paragraph at lines 1169--1169
[][]    [] 
 []


Package natbib Warning: There were undefined citations.

Package atveryend Info: Empty hook `BeforeClearDocument' on input line 1169.

Overfull \hbox (126.66934pt too wide) has occurred while \output is active
 []
 []

[38]
Package atveryend Info: Empty hook `AfterLastShipout' on input line 1169.
 (./aoas_revision_2017_09_18_FINAL_rcs_ANSHU_FINAL.aux)
Package atveryend Info: Executing hook `AtVeryEndDocument' on input line 1169.
Package atveryend Info: Executing hook `AtEndAfterFileList' on input line 1169.

Package rerunfilecheck Info: File `aoas_revision_2017_09_18_FINAL_rcs_ANSHU_FIN
AL.out' has not changed.
(rerunfilecheck)             Checksum: D2B93AEE568B5648487DCEB1E3A8CDCF;2731.


LaTeX Warning: There were multiply-defined labels.

Package atveryend Info: Empty hook `AtVeryVeryEnd' on input line 1169.
 ) 
Here is how much of TeX's memory you used:
 10910 strings out of 480608
 162954 string characters out of 5903631
 466192 words of memory out of 5000000
 26387 multiletter control sequences out of 15000+600000
 547352 words of font info for 78 fonts, out of 8000000 for 9000
 1141 hyphenation exceptions out of 8191
 41i,19n,42p,1663b,717s stack positions out of 5000i,500n,10000p,200000b,80000s
{/usr/local/texlive/2020/texmf-dist/fonts/enc/dvips/cm-super/cm-super-ts1.enc
}</usr/local/texlive/2020/texmf-dist/fonts/type1/public/amsfonts/cm/cmbx10.pfb>
</usr/local/texlive/2020/texmf-dist/fonts/type1/public/amsfonts/cm/cmbx9.pfb></
usr/local/texlive/2020/texmf-dist/fonts/type1/public/amsfonts/cm/cmcsc10.pfb></
usr/local/texlive/2020/texmf-dist/fonts/type1/public/amsfonts/cm/cmex10.pfb></u
sr/local/texlive/2020/texmf-dist/fonts/type1/public/amsfonts/cm/cmmi10.pfb></us
r/local/texlive/2020/texmf-dist/fonts/type1/public/amsfonts/cm/cmmi5.pfb></usr/
local/texlive/2020/texmf-dist/fonts/type1/public/amsfonts/cm/cmmi6.pfb></usr/lo
cal/texlive/2020/texmf-dist/fonts/type1/public/amsfonts/cm/cmmi8.pfb></usr/loca
l/texlive/2020/texmf-dist/fonts/type1/public/amsfonts/cm/cmmi9.pfb></usr/local/
texlive/2020/texmf-dist/fonts/type1/public/amsfonts/cm/cmr10.pfb></usr/local/te
xlive/2020/texmf-dist/fonts/type1/public/amsfonts/cm/cmr6.pfb></usr/local/texli
ve/2020/texmf-dist/fonts/type1/public/amsfonts/cm/cmr8.pfb></usr/local/texlive/
2020/texmf-dist/fonts/type1/public/amsfonts/cm/cmr9.pfb></usr/local/texlive/202
0/texmf-dist/fonts/type1/public/amsfonts/cm/cmss8.pfb></usr/local/texlive/2020/
texmf-dist/fonts/type1/public/amsfonts/cm/cmsy10.pfb></usr/local/texlive/2020/t
exmf-dist/fonts/type1/public/amsfonts/cm/cmsy6.pfb></usr/local/texlive/2020/tex
mf-dist/fonts/type1/public/amsfonts/cm/cmsy8.pfb></usr/local/texlive/2020/texmf
-dist/fonts/type1/public/amsfonts/cm/cmsy9.pfb></usr/local/texlive/2020/texmf-d
ist/fonts/type1/public/amsfonts/cm/cmti10.pfb></usr/local/texlive/2020/texmf-di
st/fonts/type1/public/amsfonts/cm/cmti7.pfb></usr/local/texlive/2020/texmf-dist
/fonts/type1/public/amsfonts/cm/cmti9.pfb></usr/local/texlive/2020/texmf-dist/f
onts/type1/public/amsfonts/cm/cmtt10.pfb></usr/local/texlive/2020/texmf-dist/fo
nts/type1/public/amsfonts/cm/cmtt9.pfb></usr/local/texlive/2020/texmf-dist/font
s/type1/public/amsfonts/symbols/msbm10.pfb></usr/local/texlive/2020/texmf-dist/
fonts/type1/public/cm-super/sfrm1095.pfb>
Output written on aoas_revision_2017_09_18_FINAL_rcs_ANSHU_FINAL.pdf (38 pages,
 814875 bytes).
PDF statistics:
 989 PDF objects out of 1000 (max. 8388607)
 860 compressed objects within 9 object streams
 173 named destinations out of 1000 (max. 500000)
 327 words of extra memory for PDF output out of 10000 (max. 10000000)

