\BOOKMARK [1][-]{section.1}{Introduction}{}% 1
\BOOKMARK [2][-]{subsection.1.1}{Prior Work on Bipartite Matching for Record Linkage}{section.1}% 2
\BOOKMARK [2][-]{subsection.1.2}{The El Salavoran Conflict}{section.1}% 3
\BOOKMARK [2][-]{subsection.1.3}{Our Contributions}{section.1}% 4
\BOOKMARK [1][-]{section.2}{The Fellegi Sunter Method}{}% 5
\BOOKMARK [1][-]{section.3}{Bayesian Bipartite Matching for Record Linkage}{}% 6
\BOOKMARK [1][-]{section.4}{fabl: fast Bayesian Linkage}{}% 7
\BOOKMARK [1][-]{section.5}{Simulation Studies}{}% 8
\BOOKMARK [2][-]{subsection.5.1}{Title}{section.5}% 9
\BOOKMARK [2][-]{subsection.5.2}{Title}{section.5}% 10
\BOOKMARK [1][-]{section.6}{Applied to El Salavoran Conflict}{}% 11
\BOOKMARK [1][-]{section.7}{Discussion}{}% 12
\BOOKMARK [1][-]{section*.2}{Appendix: Title}{}% 13
\BOOKMARK [1][-]{appendix.A}{Title of the first appendix}{}% 14
\BOOKMARK [1][-]{appendix.B}{Title of the second appendix}{}% 15
\BOOKMARK [2][-]{subsection.B.1}{First subsection of Appendix B}{appendix.B}% 16
\BOOKMARK [1][-]{section*.4}{Acknowledgments}{}% 17
\BOOKMARK [1][-]{section*.6}{Funding}{}% 18
\BOOKMARK [1][-]{section*.8}{Supplementary Material}{}% 19
\BOOKMARK [1][-]{section*.10}{References}{}% 20
